TN:
SF:src/ArenaVestingWallet.sol
DA:22,51
FN:22,ArenaVestingWallet.constructor
FNDA:51,ArenaVestingWallet.constructor
DA:23,51
DA:26,552
FN:26,ArenaVestingWallet.initialize
FNDA:552,ArenaVestingWallet.initialize
DA:27,552
BRDA:27,0,0,3
DA:28,3
DA:31,549
DA:33,549
DA:34,549
DA:41,277
FN:41,ArenaVestingWallet.deposit
FNDA:277,ArenaVestingWallet.deposit
DA:42,1
BRDA:42,1,0,1
DA:43,276
BRDA:43,2,0,1
DA:45,275
DA:46,275
DA:47,275
DA:49,275
DA:55,26
FN:55,ArenaVestingWallet.release
FNDA:26,ArenaVestingWallet.release
DA:56,26
BRDA:56,3,0,1
DA:58,25
DA:65,292
FN:65,ArenaVestingWallet.vestedAmount
FNDA:292,ArenaVestingWallet.vestedAmount
DA:66,341
BRDA:66,4,0,2
DA:68,339
DA:74,1
FN:74,ArenaVestingWallet.transferOwnership
FNDA:1,ArenaVestingWallet.transferOwnership
DA:75,1
DA:81,1
FN:81,ArenaVestingWallet.renounceOwnership
FNDA:1,ArenaVestingWallet.renounceOwnership
DA:82,1
DA:89,339
FN:89,ArenaVestingWallet._vestingSchedule
FNDA:339,ArenaVestingWallet._vestingSchedule
DA:95,339
DA:96,333
DA:97,272
DA:99,272
DA:101,272
DA:102,272
BRDA:102,8,0,-
DA:104,272
DA:106,272
BRDA:106,9,0,-
DA:108,272
FNF:8
FNH:8
LF:35
LH:35
BRF:7
BRH:5
end_of_record
TN:
SF:src/ArenaVestingWalletFactory.sol
DA:26,20
FN:26,ArenaVestingWalletFactory.constructor
FNDA:20,ArenaVestingWalletFactory.constructor
DA:27,20
DA:31,19
FN:31,ArenaVestingWalletFactory.initialize
FNDA:19,ArenaVestingWalletFactory.initialize
DA:32,18
DA:33,18
DA:35,18
DA:37,18
DA:38,18
DA:45,269
FN:45,ArenaVestingWalletFactory.create
FNDA:269,ArenaVestingWalletFactory.create
DA:46,268
DA:47,268
DA:49,268
DA:51,268
DA:52,268
DA:54,268
DA:56,268
DA:61,5
FN:61,ArenaVestingWalletFactory.upgradeBeacon
FNDA:5,ArenaVestingWalletFactory.upgradeBeacon
DA:62,4
DA:63,3
DA:65,3
DA:72,3
FN:72,ArenaVestingWalletFactory.getVestingWalletKey
FNDA:3,ArenaVestingWalletFactory.getVestingWalletKey
DA:73,3
DA:80,6
FN:80,ArenaVestingWalletFactory.getVestingWalletKey
FNDA:6,ArenaVestingWalletFactory.getVestingWalletKey
DA:81,6
DA:88,268
FN:88,ArenaVestingWalletFactory._setVestingWalletKey
FNDA:268,ArenaVestingWalletFactory._setVestingWalletKey
DA:89,268
DA:95,277
FN:95,ArenaVestingWalletFactory._computeVestingWalletKey
FNDA:277,ArenaVestingWalletFactory._computeVestingWalletKey
DA:96,277
DA:102,2
FN:102,ArenaVestingWalletFactory._authorizeUpgrade
FNDA:2,ArenaVestingWalletFactory._authorizeUpgrade
FNF:9
FNH:9
LF:29
LH:29
BRF:0
BRH:0
end_of_record
TN:
SF:test/ArenaVestingWallet.t.sol
DA:18,0
FN:18,MockArenaVestingWalletV2.version
FNDA:0,MockArenaVestingWalletV2.version
DA:19,0
DA:22,0
FN:22,MockArenaVestingWalletV2.newFeature
FNDA:0,MockArenaVestingWalletV2.newFeature
DA:23,0
FNF:2
FNH:0
LF:4
LH:0
BRF:0
BRH:0
end_of_record
TN:
SF:test/ArenaVestingWalletFactory.t.sol
DA:17,1
FN:17,MockArenaVestingWalletV2.version
FNDA:1,MockArenaVestingWalletV2.version
DA:18,1
FNF:1
FNH:1
LF:2
LH:2
BRF:0
BRH:0
end_of_record
